2021-12-07 14:55:13,578:INFO:Initializing load_model()
2021-12-07 14:55:13,582:INFO:load_model(model_name=calibrated_lightgbm.pkl, platform=None, authentication=None, verbose=True)
2021-12-07 14:55:49,564:INFO:Initializing load_model()
2021-12-07 14:55:49,564:INFO:load_model(model_name=calibrated_lightgbm, platform=None, authentication=None, verbose=True)
2021-12-07 14:56:27,594:INFO:Initializing load_model()
2021-12-07 14:56:27,594:INFO:load_model(model_name=calibrated_lightgbm, platform=None, authentication=None, verbose=True)
2021-12-07 14:56:58,551:INFO:Initializing load_model()
2021-12-07 14:56:58,551:INFO:load_model(model_name=calibrated_lightgbm, platform=None, authentication=None, verbose=True)
2021-12-07 14:57:05,696:INFO:Initializing load_model()
2021-12-07 14:57:05,700:INFO:load_model(model_name=calibrated_lightgbm, platform=None, authentication=None, verbose=True)
2021-12-07 14:57:50,092:INFO:Initializing load_model()
2021-12-07 14:57:50,092:INFO:load_model(model_name=calibrated_lightgbm, platform=None, authentication=None, verbose=True)
2021-12-07 14:57:56,067:INFO:Initializing load_model()
2021-12-07 14:57:56,071:INFO:load_model(model_name=calibrated_lightgbm, platform=None, authentication=None, verbose=True)
2021-12-07 14:58:10,667:INFO:Initializing load_model()
2021-12-07 14:58:10,670:INFO:load_model(model_name=calibrated_lightgbm, platform=None, authentication=None, verbose=True)
2021-12-07 14:58:59,526:INFO:Initializing load_model()
2021-12-07 14:58:59,527:INFO:load_model(model_name=calibrated_lightgbm, platform=None, authentication=None, verbose=True)
2021-12-07 14:59:10,168:INFO:Initializing load_model()
2021-12-07 14:59:10,168:INFO:load_model(model_name=calibrated_lightgbm, platform=None, authentication=None, verbose=True)
2021-12-07 14:59:14,198:INFO:Initializing load_model()
2021-12-07 14:59:14,200:INFO:load_model(model_name=calibrated_lightgbm, platform=None, authentication=None, verbose=True)
2021-12-07 14:59:23,851:INFO:Initializing load_model()
2021-12-07 14:59:23,851:INFO:load_model(model_name=calibrated_lightgbm, platform=None, authentication=None, verbose=True)
2021-12-07 14:59:35,846:INFO:Initializing load_model()
2021-12-07 14:59:35,846:INFO:load_model(model_name=calibrated_lightgbm, platform=None, authentication=None, verbose=True)
2021-12-07 14:59:39,135:INFO:Initializing load_model()
2021-12-07 14:59:39,135:INFO:load_model(model_name=calibrated_lightgbm, platform=None, authentication=None, verbose=True)
2021-12-07 14:59:43,993:INFO:Initializing load_model()
2021-12-07 14:59:43,993:INFO:load_model(model_name=calibrated_lightgbm, platform=None, authentication=None, verbose=True)
2021-12-07 14:59:44,513:INFO:Initializing load_model()
2021-12-07 14:59:44,513:INFO:load_model(model_name=calibrated_lightgbm, platform=None, authentication=None, verbose=True)
2021-12-07 14:59:44,987:INFO:Initializing predict_model()
2021-12-07 14:59:44,991:INFO:predict_model(estimator=Pipeline(steps=[('dtypes',
                 DataTypes_Auto_infer(ml_usecase='classification',
                                      target='Potencial Ventas')),
                ('imputer',
                 Simple_Imputer(categorical_strategy='not_available',
                                fill_value_categorical=None,
                                fill_value_numerical=None,
                                numeric_strategy='mean',
                                target_variable=None)),
                ('new_levels1',
                 New_Catagorical_Levels_in_TestData(replacement_strategy='least '
                                                                         'frequ...
                ('dummy', Dummify(target='Potencial Ventas')),
                ('fix_perfect', Remove_100(target='Potencial Ventas')),
                ('clean_names', Clean_Colum_Names()),
                ('feature_select', 'passthrough'), ('fix_multi', 'passthrough'),
                ('dfs', 'passthrough'), ('pca', 'passthrough'),
                ['trained_model',
                 CalibratedClassifierCV(base_estimator=LGBMClassifier(random_state=1),
                                        cv=StratifiedKFold(n_splits=10, random_state=None, shuffle=False))]]), probability_threshold=None, encoded_labels=True, raw_score=False, round=4, verbose=True, ml_usecase=MLUsecase.REGRESSION, display=None)
2021-12-07 14:59:44,991:INFO:Checking exceptions
2021-12-07 14:59:44,991:INFO:Preloading libraries
2021-12-07 15:02:25,139:INFO:Initializing load_model()
2021-12-07 15:02:25,139:INFO:load_model(model_name=calibrated_lightgbm, platform=None, authentication=None, verbose=True)
2021-12-07 15:02:29,659:INFO:Initializing load_model()
2021-12-07 15:02:29,663:INFO:load_model(model_name=calibrated_lightgbm, platform=None, authentication=None, verbose=True)
2021-12-07 15:02:29,833:INFO:Initializing predict_model()
2021-12-07 15:02:29,833:INFO:predict_model(estimator=Pipeline(steps=[('dtypes',
                 DataTypes_Auto_infer(ml_usecase='classification',
                                      target='Potencial Ventas')),
                ('imputer',
                 Simple_Imputer(categorical_strategy='not_available',
                                fill_value_categorical=None,
                                fill_value_numerical=None,
                                numeric_strategy='mean',
                                target_variable=None)),
                ('new_levels1',
                 New_Catagorical_Levels_in_TestData(replacement_strategy='least '
                                                                         'frequ...
                ('dummy', Dummify(target='Potencial Ventas')),
                ('fix_perfect', Remove_100(target='Potencial Ventas')),
                ('clean_names', Clean_Colum_Names()),
                ('feature_select', 'passthrough'), ('fix_multi', 'passthrough'),
                ('dfs', 'passthrough'), ('pca', 'passthrough'),
                ['trained_model',
                 CalibratedClassifierCV(base_estimator=LGBMClassifier(random_state=1),
                                        cv=StratifiedKFold(n_splits=10, random_state=None, shuffle=False))]]), probability_threshold=None, encoded_labels=True, raw_score=False, round=4, verbose=True, ml_usecase=MLUsecase.REGRESSION, display=None)
2021-12-07 15:02:29,835:INFO:Checking exceptions
2021-12-07 15:02:29,836:INFO:Preloading libraries
2021-12-07 15:03:44,458:INFO:Initializing load_model()
2021-12-07 15:03:44,459:INFO:load_model(model_name=calibrated_lightgbm, platform=None, authentication=None, verbose=True)
2021-12-07 15:03:49,078:INFO:Initializing load_model()
2021-12-07 15:03:49,078:INFO:load_model(model_name=calibrated_lightgbm, platform=None, authentication=None, verbose=True)
2021-12-07 15:04:54,584:INFO:Initializing load_model()
2021-12-07 15:04:54,584:INFO:load_model(model_name=calibrated_lightgbm, platform=None, authentication=None, verbose=True)
2021-12-07 15:04:59,177:INFO:Initializing load_model()
2021-12-07 15:04:59,181:INFO:load_model(model_name=calibrated_lightgbm, platform=None, authentication=None, verbose=True)
2021-12-07 15:05:27,639:INFO:Initializing load_model()
2021-12-07 15:05:27,639:INFO:load_model(model_name=calibrated_lightgbm, platform=None, authentication=None, verbose=True)
2021-12-07 15:05:28,035:INFO:Initializing predict_model()
2021-12-07 15:05:28,039:INFO:predict_model(estimator=Pipeline(steps=[('dtypes',
                 DataTypes_Auto_infer(ml_usecase='classification',
                                      target='Potencial Ventas')),
                ('imputer',
                 Simple_Imputer(categorical_strategy='not_available',
                                fill_value_categorical=None,
                                fill_value_numerical=None,
                                numeric_strategy='mean',
                                target_variable=None)),
                ('new_levels1',
                 New_Catagorical_Levels_in_TestData(replacement_strategy='least '
                                                                         'frequ...
                ('dummy', Dummify(target='Potencial Ventas')),
                ('fix_perfect', Remove_100(target='Potencial Ventas')),
                ('clean_names', Clean_Colum_Names()),
                ('feature_select', 'passthrough'), ('fix_multi', 'passthrough'),
                ('dfs', 'passthrough'), ('pca', 'passthrough'),
                ['trained_model',
                 CalibratedClassifierCV(base_estimator=LGBMClassifier(random_state=1),
                                        cv=StratifiedKFold(n_splits=10, random_state=None, shuffle=False))]]), probability_threshold=None, encoded_labels=True, raw_score=False, round=4, verbose=True, ml_usecase=MLUsecase.REGRESSION, display=None)
2021-12-07 15:05:28,040:INFO:Checking exceptions
2021-12-07 15:05:28,041:INFO:Preloading libraries
2021-12-07 15:06:02,625:INFO:Initializing load_model()
2021-12-07 15:06:02,628:INFO:load_model(model_name=calibrated_lightgbm, platform=None, authentication=None, verbose=True)
2021-12-07 15:06:05,320:INFO:Initializing load_model()
2021-12-07 15:06:05,320:INFO:load_model(model_name=calibrated_lightgbm, platform=None, authentication=None, verbose=True)
2021-12-07 15:06:05,485:INFO:Initializing predict_model()
2021-12-07 15:06:05,485:INFO:predict_model(estimator=Pipeline(steps=[('dtypes',
                 DataTypes_Auto_infer(ml_usecase='classification',
                                      target='Potencial Ventas')),
                ('imputer',
                 Simple_Imputer(categorical_strategy='not_available',
                                fill_value_categorical=None,
                                fill_value_numerical=None,
                                numeric_strategy='mean',
                                target_variable=None)),
                ('new_levels1',
                 New_Catagorical_Levels_in_TestData(replacement_strategy='least '
                                                                         'frequ...
                ('dummy', Dummify(target='Potencial Ventas')),
                ('fix_perfect', Remove_100(target='Potencial Ventas')),
                ('clean_names', Clean_Colum_Names()),
                ('feature_select', 'passthrough'), ('fix_multi', 'passthrough'),
                ('dfs', 'passthrough'), ('pca', 'passthrough'),
                ['trained_model',
                 CalibratedClassifierCV(base_estimator=LGBMClassifier(random_state=1),
                                        cv=StratifiedKFold(n_splits=10, random_state=None, shuffle=False))]]), probability_threshold=None, encoded_labels=True, raw_score=False, round=4, verbose=True, ml_usecase=MLUsecase.REGRESSION, display=None)
2021-12-07 15:06:05,488:INFO:Checking exceptions
2021-12-07 15:06:05,489:INFO:Preloading libraries
2021-12-07 15:06:26,360:INFO:Initializing load_model()
2021-12-07 15:06:26,362:INFO:load_model(model_name=calibrated_lightgbm, platform=None, authentication=None, verbose=True)
2021-12-07 15:06:30,880:INFO:Initializing load_model()
2021-12-07 15:06:30,880:INFO:load_model(model_name=calibrated_lightgbm, platform=None, authentication=None, verbose=True)
2021-12-07 15:06:35,137:INFO:Initializing load_model()
2021-12-07 15:06:35,137:INFO:load_model(model_name=calibrated_lightgbm, platform=None, authentication=None, verbose=True)
2021-12-07 15:06:35,553:INFO:Initializing predict_model()
2021-12-07 15:06:35,553:INFO:predict_model(estimator=Pipeline(steps=[('dtypes',
                 DataTypes_Auto_infer(ml_usecase='classification',
                                      target='Potencial Ventas')),
                ('imputer',
                 Simple_Imputer(categorical_strategy='not_available',
                                fill_value_categorical=None,
                                fill_value_numerical=None,
                                numeric_strategy='mean',
                                target_variable=None)),
                ('new_levels1',
                 New_Catagorical_Levels_in_TestData(replacement_strategy='least '
                                                                         'frequ...
                ('dummy', Dummify(target='Potencial Ventas')),
                ('fix_perfect', Remove_100(target='Potencial Ventas')),
                ('clean_names', Clean_Colum_Names()),
                ('feature_select', 'passthrough'), ('fix_multi', 'passthrough'),
                ('dfs', 'passthrough'), ('pca', 'passthrough'),
                ['trained_model',
                 CalibratedClassifierCV(base_estimator=LGBMClassifier(random_state=1),
                                        cv=StratifiedKFold(n_splits=10, random_state=None, shuffle=False))]]), probability_threshold=None, encoded_labels=True, raw_score=False, round=4, verbose=True, ml_usecase=MLUsecase.REGRESSION, display=None)
2021-12-07 15:06:35,557:INFO:Checking exceptions
2021-12-07 15:06:35,557:INFO:Preloading libraries
2021-12-07 15:10:47,872:INFO:Initializing load_model()
2021-12-07 15:10:47,875:INFO:load_model(model_name=calibrated_lightgbm, platform=None, authentication=None, verbose=True)
2021-12-07 15:10:52,744:INFO:Initializing load_model()
2021-12-07 15:10:52,744:INFO:load_model(model_name=calibrated_lightgbm, platform=None, authentication=None, verbose=True)
2021-12-07 15:10:52,935:INFO:Initializing predict_model()
2021-12-07 15:10:52,935:INFO:predict_model(estimator=Pipeline(steps=[('dtypes',
                 DataTypes_Auto_infer(ml_usecase='classification',
                                      target='Potencial Ventas')),
                ('imputer',
                 Simple_Imputer(categorical_strategy='not_available',
                                fill_value_categorical=None,
                                fill_value_numerical=None,
                                numeric_strategy='mean',
                                target_variable=None)),
                ('new_levels1',
                 New_Catagorical_Levels_in_TestData(replacement_strategy='least '
                                                                         'frequ...
                ('dummy', Dummify(target='Potencial Ventas')),
                ('fix_perfect', Remove_100(target='Potencial Ventas')),
                ('clean_names', Clean_Colum_Names()),
                ('feature_select', 'passthrough'), ('fix_multi', 'passthrough'),
                ('dfs', 'passthrough'), ('pca', 'passthrough'),
                ['trained_model',
                 CalibratedClassifierCV(base_estimator=LGBMClassifier(random_state=1),
                                        cv=StratifiedKFold(n_splits=10, random_state=None, shuffle=False))]]), probability_threshold=None, encoded_labels=True, raw_score=False, round=4, verbose=True, ml_usecase=MLUsecase.REGRESSION, display=None)
2021-12-07 15:10:52,937:INFO:Checking exceptions
2021-12-07 15:10:52,937:INFO:Preloading libraries
2021-12-07 15:12:45,772:INFO:Initializing load_model()
2021-12-07 15:12:45,772:INFO:load_model(model_name=calibrated_lightgbm, platform=None, authentication=None, verbose=True)
2021-12-07 15:12:48,623:INFO:Initializing load_model()
2021-12-07 15:12:48,623:INFO:load_model(model_name=calibrated_lightgbm, platform=None, authentication=None, verbose=True)
2021-12-07 15:12:48,789:INFO:Initializing predict_model()
2021-12-07 15:12:48,789:INFO:predict_model(estimator=Pipeline(steps=[('dtypes',
                 DataTypes_Auto_infer(ml_usecase='classification',
                                      target='Potencial Ventas')),
                ('imputer',
                 Simple_Imputer(categorical_strategy='not_available',
                                fill_value_categorical=None,
                                fill_value_numerical=None,
                                numeric_strategy='mean',
                                target_variable=None)),
                ('new_levels1',
                 New_Catagorical_Levels_in_TestData(replacement_strategy='least '
                                                                         'frequ...
                ('dummy', Dummify(target='Potencial Ventas')),
                ('fix_perfect', Remove_100(target='Potencial Ventas')),
                ('clean_names', Clean_Colum_Names()),
                ('feature_select', 'passthrough'), ('fix_multi', 'passthrough'),
                ('dfs', 'passthrough'), ('pca', 'passthrough'),
                ['trained_model',
                 CalibratedClassifierCV(base_estimator=LGBMClassifier(random_state=1),
                                        cv=StratifiedKFold(n_splits=10, random_state=None, shuffle=False))]]), probability_threshold=None, encoded_labels=True, raw_score=False, round=4, verbose=True, ml_usecase=MLUsecase.REGRESSION, display=None)
2021-12-07 15:12:48,790:INFO:Checking exceptions
2021-12-07 15:12:48,790:INFO:Preloading libraries
2021-12-07 15:12:48,965:INFO:Initializing predict_model()
2021-12-07 15:12:48,965:INFO:predict_model(estimator=Pipeline(steps=[('dtypes',
                 DataTypes_Auto_infer(ml_usecase='classification',
                                      target='Potencial Ventas')),
                ('imputer',
                 Simple_Imputer(categorical_strategy='not_available',
                                fill_value_categorical=None,
                                fill_value_numerical=None,
                                numeric_strategy='mean',
                                target_variable=None)),
                ('new_levels1',
                 New_Catagorical_Levels_in_TestData(replacement_strategy='least '
                                                                         'frequ...
                ('dummy', Dummify(target='Potencial Ventas')),
                ('fix_perfect', Remove_100(target='Potencial Ventas')),
                ('clean_names', Clean_Colum_Names()),
                ('feature_select', 'passthrough'), ('fix_multi', 'passthrough'),
                ('dfs', 'passthrough'), ('pca', 'passthrough'),
                ['trained_model',
                 CalibratedClassifierCV(base_estimator=LGBMClassifier(random_state=1),
                                        cv=StratifiedKFold(n_splits=10, random_state=None, shuffle=False))]]), probability_threshold=None, encoded_labels=True, raw_score=False, round=4, verbose=True, ml_usecase=MLUsecase.REGRESSION, display=None)
2021-12-07 15:12:48,965:INFO:Checking exceptions
2021-12-07 15:12:48,965:INFO:Preloading libraries
2021-12-07 15:13:03,579:INFO:Initializing load_model()
2021-12-07 15:13:03,579:INFO:load_model(model_name=calibrated_lightgbm, platform=None, authentication=None, verbose=True)
2021-12-07 15:13:07,524:INFO:Initializing load_model()
2021-12-07 15:13:07,524:INFO:load_model(model_name=calibrated_lightgbm, platform=None, authentication=None, verbose=True)
2021-12-07 15:13:07,963:INFO:Initializing predict_model()
2021-12-07 15:13:07,963:INFO:predict_model(estimator=Pipeline(steps=[('dtypes',
                 DataTypes_Auto_infer(ml_usecase='classification',
                                      target='Potencial Ventas')),
                ('imputer',
                 Simple_Imputer(categorical_strategy='not_available',
                                fill_value_categorical=None,
                                fill_value_numerical=None,
                                numeric_strategy='mean',
                                target_variable=None)),
                ('new_levels1',
                 New_Catagorical_Levels_in_TestData(replacement_strategy='least '
                                                                         'frequ...
                ('dummy', Dummify(target='Potencial Ventas')),
                ('fix_perfect', Remove_100(target='Potencial Ventas')),
                ('clean_names', Clean_Colum_Names()),
                ('feature_select', 'passthrough'), ('fix_multi', 'passthrough'),
                ('dfs', 'passthrough'), ('pca', 'passthrough'),
                ['trained_model',
                 CalibratedClassifierCV(base_estimator=LGBMClassifier(random_state=1),
                                        cv=StratifiedKFold(n_splits=10, random_state=None, shuffle=False))]]), probability_threshold=None, encoded_labels=True, raw_score=False, round=4, verbose=True, ml_usecase=MLUsecase.REGRESSION, display=None)
2021-12-07 15:13:07,963:INFO:Checking exceptions
2021-12-07 15:13:07,963:INFO:Preloading libraries
2021-12-07 15:13:08,372:INFO:Initializing predict_model()
2021-12-07 15:13:08,372:INFO:predict_model(estimator=Pipeline(steps=[('dtypes',
                 DataTypes_Auto_infer(ml_usecase='classification',
                                      target='Potencial Ventas')),
                ('imputer',
                 Simple_Imputer(categorical_strategy='not_available',
                                fill_value_categorical=None,
                                fill_value_numerical=None,
                                numeric_strategy='mean',
                                target_variable=None)),
                ('new_levels1',
                 New_Catagorical_Levels_in_TestData(replacement_strategy='least '
                                                                         'frequ...
                ('dummy', Dummify(target='Potencial Ventas')),
                ('fix_perfect', Remove_100(target='Potencial Ventas')),
                ('clean_names', Clean_Colum_Names()),
                ('feature_select', 'passthrough'), ('fix_multi', 'passthrough'),
                ('dfs', 'passthrough'), ('pca', 'passthrough'),
                ['trained_model',
                 CalibratedClassifierCV(base_estimator=LGBMClassifier(random_state=1),
                                        cv=StratifiedKFold(n_splits=10, random_state=None, shuffle=False))]]), probability_threshold=None, encoded_labels=True, raw_score=False, round=4, verbose=True, ml_usecase=MLUsecase.REGRESSION, display=None)
2021-12-07 15:13:08,372:INFO:Checking exceptions
2021-12-07 15:13:08,376:INFO:Preloading libraries
2021-12-08 09:54:43,956:INFO:Initializing load_model()
2021-12-08 09:54:43,956:INFO:load_model(model_name=calibrated_lightgbm, platform=None, authentication=None, verbose=True)
2021-12-08 09:55:06,609:INFO:Initializing load_model()
2021-12-08 09:55:06,609:INFO:load_model(model_name=calibrated_lightgbm, platform=None, authentication=None, verbose=True)
2021-12-08 09:55:20,785:INFO:Initializing load_model()
2021-12-08 09:55:20,790:INFO:load_model(model_name=calibrated_lightgbm, platform=None, authentication=None, verbose=True)
2021-12-08 09:55:30,898:INFO:Initializing load_model()
2021-12-08 09:55:30,898:INFO:load_model(model_name=calibrated_lightgbm, platform=None, authentication=None, verbose=True)
2021-12-08 09:56:06,176:INFO:Initializing load_model()
2021-12-08 09:56:06,179:INFO:load_model(model_name=calibrated_lightgbm, platform=None, authentication=None, verbose=True)
2021-12-08 09:56:13,950:INFO:Initializing load_model()
2021-12-08 09:56:13,950:INFO:load_model(model_name=calibrated_lightgbm, platform=None, authentication=None, verbose=True)
2021-12-08 09:56:25,947:INFO:Initializing load_model()
2021-12-08 09:56:25,947:INFO:load_model(model_name=calibrated_lightgbm, platform=None, authentication=None, verbose=True)
2021-12-08 09:56:34,262:INFO:Initializing load_model()
2021-12-08 09:56:34,262:INFO:load_model(model_name=calibrated_lightgbm, platform=None, authentication=None, verbose=True)
2021-12-08 09:56:37,454:INFO:Initializing load_model()
2021-12-08 09:56:37,455:INFO:load_model(model_name=calibrated_lightgbm, platform=None, authentication=None, verbose=True)
2021-12-08 09:56:41,865:INFO:Initializing load_model()
2021-12-08 09:56:41,869:INFO:load_model(model_name=calibrated_lightgbm, platform=None, authentication=None, verbose=True)
2021-12-08 09:56:42,386:INFO:Initializing load_model()
2021-12-08 09:56:42,389:INFO:load_model(model_name=calibrated_lightgbm, platform=None, authentication=None, verbose=True)
2021-12-08 09:56:42,880:INFO:Initializing predict_model()
2021-12-08 09:56:42,880:INFO:predict_model(estimator=Pipeline(steps=[('dtypes',
                 DataTypes_Auto_infer(ml_usecase='classification',
                                      target='Potencial Ventas')),
                ('imputer',
                 Simple_Imputer(categorical_strategy='not_available',
                                fill_value_categorical=None,
                                fill_value_numerical=None,
                                numeric_strategy='mean',
                                target_variable=None)),
                ('new_levels1',
                 New_Catagorical_Levels_in_TestData(replacement_strategy='least '
                                                                         'frequ...
                ('dummy', Dummify(target='Potencial Ventas')),
                ('fix_perfect', Remove_100(target='Potencial Ventas')),
                ('clean_names', Clean_Colum_Names()),
                ('feature_select', 'passthrough'), ('fix_multi', 'passthrough'),
                ('dfs', 'passthrough'), ('pca', 'passthrough'),
                ['trained_model',
                 CalibratedClassifierCV(base_estimator=LGBMClassifier(random_state=1),
                                        cv=StratifiedKFold(n_splits=10, random_state=None, shuffle=False))]]), probability_threshold=None, encoded_labels=True, raw_score=False, round=4, verbose=True, ml_usecase=MLUsecase.REGRESSION, display=None)
2021-12-08 09:56:42,884:INFO:Checking exceptions
2021-12-08 09:56:42,884:INFO:Preloading libraries
2021-12-08 09:56:43,343:INFO:Initializing predict_model()
2021-12-08 09:56:43,343:INFO:predict_model(estimator=Pipeline(steps=[('dtypes',
                 DataTypes_Auto_infer(ml_usecase='classification',
                                      target='Potencial Ventas')),
                ('imputer',
                 Simple_Imputer(categorical_strategy='not_available',
                                fill_value_categorical=None,
                                fill_value_numerical=None,
                                numeric_strategy='mean',
                                target_variable=None)),
                ('new_levels1',
                 New_Catagorical_Levels_in_TestData(replacement_strategy='least '
                                                                         'frequ...
                ('dummy', Dummify(target='Potencial Ventas')),
                ('fix_perfect', Remove_100(target='Potencial Ventas')),
                ('clean_names', Clean_Colum_Names()),
                ('feature_select', 'passthrough'), ('fix_multi', 'passthrough'),
                ('dfs', 'passthrough'), ('pca', 'passthrough'),
                ['trained_model',
                 CalibratedClassifierCV(base_estimator=LGBMClassifier(random_state=1),
                                        cv=StratifiedKFold(n_splits=10, random_state=None, shuffle=False))]]), probability_threshold=None, encoded_labels=True, raw_score=False, round=4, verbose=True, ml_usecase=MLUsecase.REGRESSION, display=None)
2021-12-08 09:56:43,348:INFO:Checking exceptions
2021-12-08 09:56:43,348:INFO:Preloading libraries
2021-12-08 09:58:36,427:INFO:Initializing load_model()
2021-12-08 09:58:36,427:INFO:load_model(model_name=calibrated_lightgbm, platform=None, authentication=None, verbose=True)
2021-12-08 09:58:40,445:INFO:Initializing load_model()
2021-12-08 09:58:40,446:INFO:load_model(model_name=calibrated_lightgbm, platform=None, authentication=None, verbose=True)
2021-12-08 09:58:40,883:INFO:Initializing predict_model()
2021-12-08 09:58:40,883:INFO:predict_model(estimator=Pipeline(steps=[('dtypes',
                 DataTypes_Auto_infer(ml_usecase='classification',
                                      target='Potencial Ventas')),
                ('imputer',
                 Simple_Imputer(categorical_strategy='not_available',
                                fill_value_categorical=None,
                                fill_value_numerical=None,
                                numeric_strategy='mean',
                                target_variable=None)),
                ('new_levels1',
                 New_Catagorical_Levels_in_TestData(replacement_strategy='least '
                                                                         'frequ...
                ('dummy', Dummify(target='Potencial Ventas')),
                ('fix_perfect', Remove_100(target='Potencial Ventas')),
                ('clean_names', Clean_Colum_Names()),
                ('feature_select', 'passthrough'), ('fix_multi', 'passthrough'),
                ('dfs', 'passthrough'), ('pca', 'passthrough'),
                ['trained_model',
                 CalibratedClassifierCV(base_estimator=LGBMClassifier(random_state=1),
                                        cv=StratifiedKFold(n_splits=10, random_state=None, shuffle=False))]]), probability_threshold=None, encoded_labels=True, raw_score=False, round=4, verbose=True, ml_usecase=MLUsecase.REGRESSION, display=None)
2021-12-08 09:58:40,887:INFO:Checking exceptions
2021-12-08 09:58:40,887:INFO:Preloading libraries
2021-12-08 09:58:41,310:INFO:Initializing predict_model()
2021-12-08 09:58:41,314:INFO:predict_model(estimator=Pipeline(steps=[('dtypes',
                 DataTypes_Auto_infer(ml_usecase='classification',
                                      target='Potencial Ventas')),
                ('imputer',
                 Simple_Imputer(categorical_strategy='not_available',
                                fill_value_categorical=None,
                                fill_value_numerical=None,
                                numeric_strategy='mean',
                                target_variable=None)),
                ('new_levels1',
                 New_Catagorical_Levels_in_TestData(replacement_strategy='least '
                                                                         'frequ...
                ('dummy', Dummify(target='Potencial Ventas')),
                ('fix_perfect', Remove_100(target='Potencial Ventas')),
                ('clean_names', Clean_Colum_Names()),
                ('feature_select', 'passthrough'), ('fix_multi', 'passthrough'),
                ('dfs', 'passthrough'), ('pca', 'passthrough'),
                ['trained_model',
                 CalibratedClassifierCV(base_estimator=LGBMClassifier(random_state=1),
                                        cv=StratifiedKFold(n_splits=10, random_state=None, shuffle=False))]]), probability_threshold=None, encoded_labels=True, raw_score=False, round=4, verbose=True, ml_usecase=MLUsecase.REGRESSION, display=None)
2021-12-08 09:58:41,316:INFO:Checking exceptions
2021-12-08 09:58:41,316:INFO:Preloading libraries
2021-12-08 09:58:52,084:INFO:Initializing load_model()
2021-12-08 09:58:52,084:INFO:load_model(model_name=calibrated_lightgbm, platform=None, authentication=None, verbose=True)
2021-12-08 09:58:56,686:INFO:Initializing load_model()
2021-12-08 09:58:56,691:INFO:load_model(model_name=calibrated_lightgbm, platform=None, authentication=None, verbose=True)
2021-12-08 09:58:57,114:INFO:Initializing predict_model()
2021-12-08 09:58:57,114:INFO:predict_model(estimator=Pipeline(steps=[('dtypes',
                 DataTypes_Auto_infer(ml_usecase='classification',
                                      target='Potencial Ventas')),
                ('imputer',
                 Simple_Imputer(categorical_strategy='not_available',
                                fill_value_categorical=None,
                                fill_value_numerical=None,
                                numeric_strategy='mean',
                                target_variable=None)),
                ('new_levels1',
                 New_Catagorical_Levels_in_TestData(replacement_strategy='least '
                                                                         'frequ...
                ('dummy', Dummify(target='Potencial Ventas')),
                ('fix_perfect', Remove_100(target='Potencial Ventas')),
                ('clean_names', Clean_Colum_Names()),
                ('feature_select', 'passthrough'), ('fix_multi', 'passthrough'),
                ('dfs', 'passthrough'), ('pca', 'passthrough'),
                ['trained_model',
                 CalibratedClassifierCV(base_estimator=LGBMClassifier(random_state=1),
                                        cv=StratifiedKFold(n_splits=10, random_state=None, shuffle=False))]]), probability_threshold=None, encoded_labels=True, raw_score=False, round=4, verbose=True, ml_usecase=MLUsecase.REGRESSION, display=None)
2021-12-08 09:58:57,118:INFO:Checking exceptions
2021-12-08 09:58:57,118:INFO:Preloading libraries
2021-12-08 09:58:57,531:INFO:Initializing predict_model()
2021-12-08 09:58:57,531:INFO:predict_model(estimator=Pipeline(steps=[('dtypes',
                 DataTypes_Auto_infer(ml_usecase='classification',
                                      target='Potencial Ventas')),
                ('imputer',
                 Simple_Imputer(categorical_strategy='not_available',
                                fill_value_categorical=None,
                                fill_value_numerical=None,
                                numeric_strategy='mean',
                                target_variable=None)),
                ('new_levels1',
                 New_Catagorical_Levels_in_TestData(replacement_strategy='least '
                                                                         'frequ...
                ('dummy', Dummify(target='Potencial Ventas')),
                ('fix_perfect', Remove_100(target='Potencial Ventas')),
                ('clean_names', Clean_Colum_Names()),
                ('feature_select', 'passthrough'), ('fix_multi', 'passthrough'),
                ('dfs', 'passthrough'), ('pca', 'passthrough'),
                ['trained_model',
                 CalibratedClassifierCV(base_estimator=LGBMClassifier(random_state=1),
                                        cv=StratifiedKFold(n_splits=10, random_state=None, shuffle=False))]]), probability_threshold=None, encoded_labels=True, raw_score=False, round=4, verbose=True, ml_usecase=MLUsecase.REGRESSION, display=None)
2021-12-08 09:58:57,535:INFO:Checking exceptions
2021-12-08 09:58:57,535:INFO:Preloading libraries
2021-12-08 09:59:07,212:INFO:Initializing load_model()
2021-12-08 09:59:07,213:INFO:load_model(model_name=calibrated_lightgbm, platform=None, authentication=None, verbose=True)
2021-12-08 09:59:13,788:INFO:Initializing load_model()
2021-12-08 09:59:13,788:INFO:load_model(model_name=calibrated_lightgbm, platform=None, authentication=None, verbose=True)
2021-12-08 09:59:14,216:INFO:Initializing predict_model()
2021-12-08 09:59:14,216:INFO:predict_model(estimator=Pipeline(steps=[('dtypes',
                 DataTypes_Auto_infer(ml_usecase='classification',
                                      target='Potencial Ventas')),
                ('imputer',
                 Simple_Imputer(categorical_strategy='not_available',
                                fill_value_categorical=None,
                                fill_value_numerical=None,
                                numeric_strategy='mean',
                                target_variable=None)),
                ('new_levels1',
                 New_Catagorical_Levels_in_TestData(replacement_strategy='least '
                                                                         'frequ...
                ('dummy', Dummify(target='Potencial Ventas')),
                ('fix_perfect', Remove_100(target='Potencial Ventas')),
                ('clean_names', Clean_Colum_Names()),
                ('feature_select', 'passthrough'), ('fix_multi', 'passthrough'),
                ('dfs', 'passthrough'), ('pca', 'passthrough'),
                ['trained_model',
                 CalibratedClassifierCV(base_estimator=LGBMClassifier(random_state=1),
                                        cv=StratifiedKFold(n_splits=10, random_state=None, shuffle=False))]]), probability_threshold=None, encoded_labels=True, raw_score=False, round=4, verbose=True, ml_usecase=MLUsecase.REGRESSION, display=None)
2021-12-08 09:59:14,220:INFO:Checking exceptions
2021-12-08 09:59:14,220:INFO:Preloading libraries
2021-12-08 09:59:14,622:INFO:Initializing predict_model()
2021-12-08 09:59:14,622:INFO:predict_model(estimator=Pipeline(steps=[('dtypes',
                 DataTypes_Auto_infer(ml_usecase='classification',
                                      target='Potencial Ventas')),
                ('imputer',
                 Simple_Imputer(categorical_strategy='not_available',
                                fill_value_categorical=None,
                                fill_value_numerical=None,
                                numeric_strategy='mean',
                                target_variable=None)),
                ('new_levels1',
                 New_Catagorical_Levels_in_TestData(replacement_strategy='least '
                                                                         'frequ...
                ('dummy', Dummify(target='Potencial Ventas')),
                ('fix_perfect', Remove_100(target='Potencial Ventas')),
                ('clean_names', Clean_Colum_Names()),
                ('feature_select', 'passthrough'), ('fix_multi', 'passthrough'),
                ('dfs', 'passthrough'), ('pca', 'passthrough'),
                ['trained_model',
                 CalibratedClassifierCV(base_estimator=LGBMClassifier(random_state=1),
                                        cv=StratifiedKFold(n_splits=10, random_state=None, shuffle=False))]]), probability_threshold=None, encoded_labels=True, raw_score=False, round=4, verbose=True, ml_usecase=MLUsecase.REGRESSION, display=None)
2021-12-08 09:59:14,627:INFO:Checking exceptions
2021-12-08 09:59:14,627:INFO:Preloading libraries
2021-12-08 10:12:24,942:INFO:Initializing load_model()
2021-12-08 10:12:24,942:INFO:load_model(model_name=calibrated_lightgbm, platform=None, authentication=None, verbose=True)
2021-12-08 10:12:30,400:INFO:Initializing load_model()
2021-12-08 10:12:30,400:INFO:load_model(model_name=calibrated_lightgbm, platform=None, authentication=None, verbose=True)
2021-12-08 10:12:30,841:INFO:Initializing predict_model()
2021-12-08 10:12:30,841:INFO:predict_model(estimator=Pipeline(steps=[('dtypes',
                 DataTypes_Auto_infer(ml_usecase='classification',
                                      target='Potencial Ventas')),
                ('imputer',
                 Simple_Imputer(categorical_strategy='not_available',
                                fill_value_categorical=None,
                                fill_value_numerical=None,
                                numeric_strategy='mean',
                                target_variable=None)),
                ('new_levels1',
                 New_Catagorical_Levels_in_TestData(replacement_strategy='least '
                                                                         'frequ...
                ('dummy', Dummify(target='Potencial Ventas')),
                ('fix_perfect', Remove_100(target='Potencial Ventas')),
                ('clean_names', Clean_Colum_Names()),
                ('feature_select', 'passthrough'), ('fix_multi', 'passthrough'),
                ('dfs', 'passthrough'), ('pca', 'passthrough'),
                ['trained_model',
                 CalibratedClassifierCV(base_estimator=LGBMClassifier(random_state=1),
                                        cv=StratifiedKFold(n_splits=10, random_state=None, shuffle=False))]]), probability_threshold=None, encoded_labels=True, raw_score=False, round=4, verbose=True, ml_usecase=MLUsecase.REGRESSION, display=None)
2021-12-08 10:12:30,845:INFO:Checking exceptions
2021-12-08 10:12:30,845:INFO:Preloading libraries
2021-12-08 10:12:31,250:INFO:Initializing predict_model()
2021-12-08 10:12:31,254:INFO:predict_model(estimator=Pipeline(steps=[('dtypes',
                 DataTypes_Auto_infer(ml_usecase='classification',
                                      target='Potencial Ventas')),
                ('imputer',
                 Simple_Imputer(categorical_strategy='not_available',
                                fill_value_categorical=None,
                                fill_value_numerical=None,
                                numeric_strategy='mean',
                                target_variable=None)),
                ('new_levels1',
                 New_Catagorical_Levels_in_TestData(replacement_strategy='least '
                                                                         'frequ...
                ('dummy', Dummify(target='Potencial Ventas')),
                ('fix_perfect', Remove_100(target='Potencial Ventas')),
                ('clean_names', Clean_Colum_Names()),
                ('feature_select', 'passthrough'), ('fix_multi', 'passthrough'),
                ('dfs', 'passthrough'), ('pca', 'passthrough'),
                ['trained_model',
                 CalibratedClassifierCV(base_estimator=LGBMClassifier(random_state=1),
                                        cv=StratifiedKFold(n_splits=10, random_state=None, shuffle=False))]]), probability_threshold=None, encoded_labels=True, raw_score=False, round=4, verbose=True, ml_usecase=MLUsecase.REGRESSION, display=None)
2021-12-08 10:12:31,254:INFO:Checking exceptions
2021-12-08 10:12:31,254:INFO:Preloading libraries
2021-12-08 10:16:33,522:INFO:Initializing load_model()
2021-12-08 10:16:33,522:INFO:load_model(model_name=calibrated_lightgbm, platform=None, authentication=None, verbose=True)
2021-12-08 10:20:47,647:INFO:Initializing load_model()
2021-12-08 10:20:47,647:INFO:load_model(model_name=calibrated_lightgbm, platform=None, authentication=None, verbose=True)
2021-12-08 10:21:09,380:INFO:Initializing load_model()
2021-12-08 10:21:09,380:INFO:load_model(model_name=calibrated_lightgbm, platform=None, authentication=None, verbose=True)
2021-12-08 10:21:10,061:INFO:Initializing predict_model()
2021-12-08 10:21:10,061:INFO:predict_model(estimator=Pipeline(steps=[('dtypes',
                 DataTypes_Auto_infer(ml_usecase='classification',
                                      target='Potencial Ventas')),
                ('imputer',
                 Simple_Imputer(categorical_strategy='not_available',
                                fill_value_categorical=None,
                                fill_value_numerical=None,
                                numeric_strategy='mean',
                                target_variable=None)),
                ('new_levels1',
                 New_Catagorical_Levels_in_TestData(replacement_strategy='least '
                                                                         'frequ...
                ('dummy', Dummify(target='Potencial Ventas')),
                ('fix_perfect', Remove_100(target='Potencial Ventas')),
                ('clean_names', Clean_Colum_Names()),
                ('feature_select', 'passthrough'), ('fix_multi', 'passthrough'),
                ('dfs', 'passthrough'), ('pca', 'passthrough'),
                ['trained_model',
                 CalibratedClassifierCV(base_estimator=LGBMClassifier(random_state=1),
                                        cv=StratifiedKFold(n_splits=10, random_state=None, shuffle=False))]]), probability_threshold=None, encoded_labels=True, raw_score=False, round=4, verbose=True, ml_usecase=MLUsecase.REGRESSION, display=None)
2021-12-08 10:21:10,061:INFO:Checking exceptions
2021-12-08 10:21:10,063:INFO:Preloading libraries
2021-12-08 10:21:31,094:INFO:Initializing load_model()
2021-12-08 10:21:31,094:INFO:load_model(model_name=calibrated_lightgbm, platform=None, authentication=None, verbose=True)
2021-12-08 10:21:31,725:INFO:Initializing predict_model()
2021-12-08 10:21:31,725:INFO:predict_model(estimator=Pipeline(steps=[('dtypes',
                 DataTypes_Auto_infer(ml_usecase='classification',
                                      target='Potencial Ventas')),
                ('imputer',
                 Simple_Imputer(categorical_strategy='not_available',
                                fill_value_categorical=None,
                                fill_value_numerical=None,
                                numeric_strategy='mean',
                                target_variable=None)),
                ('new_levels1',
                 New_Catagorical_Levels_in_TestData(replacement_strategy='least '
                                                                         'frequ...
                ('dummy', Dummify(target='Potencial Ventas')),
                ('fix_perfect', Remove_100(target='Potencial Ventas')),
                ('clean_names', Clean_Colum_Names()),
                ('feature_select', 'passthrough'), ('fix_multi', 'passthrough'),
                ('dfs', 'passthrough'), ('pca', 'passthrough'),
                ['trained_model',
                 CalibratedClassifierCV(base_estimator=LGBMClassifier(random_state=1),
                                        cv=StratifiedKFold(n_splits=10, random_state=None, shuffle=False))]]), probability_threshold=None, encoded_labels=True, raw_score=False, round=4, verbose=True, ml_usecase=MLUsecase.REGRESSION, display=None)
2021-12-08 10:21:31,725:INFO:Checking exceptions
2021-12-08 10:21:31,725:INFO:Preloading libraries
2021-12-08 10:24:12,189:INFO:Initializing load_model()
2021-12-08 10:24:12,189:INFO:load_model(model_name=calibrated_lightgbm, platform=None, authentication=None, verbose=True)
2021-12-08 10:25:56,839:INFO:Initializing load_model()
2021-12-08 10:25:56,842:INFO:load_model(model_name=calibrated_lightgbm, platform=None, authentication=None, verbose=True)
2021-12-08 10:26:11,248:INFO:Initializing load_model()
2021-12-08 10:26:11,248:INFO:load_model(model_name=calibrated_lightgbm, platform=None, authentication=None, verbose=True)
2021-12-08 10:26:26,721:INFO:Initializing load_model()
2021-12-08 10:26:26,721:INFO:load_model(model_name=calibrated_lightgbm, platform=None, authentication=None, verbose=True)
2021-12-08 10:26:44,065:INFO:Initializing load_model()
2021-12-08 10:26:44,066:INFO:load_model(model_name=calibrated_lightgbm, platform=None, authentication=None, verbose=True)
2021-12-08 10:26:44,736:INFO:Initializing predict_model()
2021-12-08 10:26:44,736:INFO:predict_model(estimator=Pipeline(steps=[('dtypes',
                 DataTypes_Auto_infer(ml_usecase='classification',
                                      target='Potencial Ventas')),
                ('imputer',
                 Simple_Imputer(categorical_strategy='not_available',
                                fill_value_categorical=None,
                                fill_value_numerical=None,
                                numeric_strategy='mean',
                                target_variable=None)),
                ('new_levels1',
                 New_Catagorical_Levels_in_TestData(replacement_strategy='least '
                                                                         'frequ...
                ('dummy', Dummify(target='Potencial Ventas')),
                ('fix_perfect', Remove_100(target='Potencial Ventas')),
                ('clean_names', Clean_Colum_Names()),
                ('feature_select', 'passthrough'), ('fix_multi', 'passthrough'),
                ('dfs', 'passthrough'), ('pca', 'passthrough'),
                ['trained_model',
                 CalibratedClassifierCV(base_estimator=LGBMClassifier(random_state=1),
                                        cv=StratifiedKFold(n_splits=10, random_state=None, shuffle=False))]]), probability_threshold=None, encoded_labels=True, raw_score=False, round=4, verbose=True, ml_usecase=MLUsecase.REGRESSION, display=None)
2021-12-08 10:26:44,740:INFO:Checking exceptions
2021-12-08 10:26:44,740:INFO:Preloading libraries
2021-12-08 10:31:21,175:INFO:Initializing load_model()
2021-12-08 10:31:21,176:INFO:load_model(model_name=calibrated_lightgbm, platform=None, authentication=None, verbose=True)
2021-12-08 10:31:21,904:INFO:Initializing predict_model()
2021-12-08 10:31:21,904:INFO:predict_model(estimator=Pipeline(steps=[('dtypes',
                 DataTypes_Auto_infer(ml_usecase='classification',
                                      target='Potencial Ventas')),
                ('imputer',
                 Simple_Imputer(categorical_strategy='not_available',
                                fill_value_categorical=None,
                                fill_value_numerical=None,
                                numeric_strategy='mean',
                                target_variable=None)),
                ('new_levels1',
                 New_Catagorical_Levels_in_TestData(replacement_strategy='least '
                                                                         'frequ...
                ('dummy', Dummify(target='Potencial Ventas')),
                ('fix_perfect', Remove_100(target='Potencial Ventas')),
                ('clean_names', Clean_Colum_Names()),
                ('feature_select', 'passthrough'), ('fix_multi', 'passthrough'),
                ('dfs', 'passthrough'), ('pca', 'passthrough'),
                ['trained_model',
                 CalibratedClassifierCV(base_estimator=LGBMClassifier(random_state=1),
                                        cv=StratifiedKFold(n_splits=10, random_state=None, shuffle=False))]]), probability_threshold=None, encoded_labels=True, raw_score=False, round=4, verbose=True, ml_usecase=MLUsecase.REGRESSION, display=None)
2021-12-08 10:31:21,908:INFO:Checking exceptions
2021-12-08 10:31:21,908:INFO:Preloading libraries
2021-12-08 10:31:33,315:INFO:Initializing load_model()
2021-12-08 10:31:33,317:INFO:load_model(model_name=calibrated_lightgbm, platform=None, authentication=None, verbose=True)
2021-12-08 10:31:34,012:INFO:Initializing predict_model()
2021-12-08 10:31:34,012:INFO:predict_model(estimator=Pipeline(steps=[('dtypes',
                 DataTypes_Auto_infer(ml_usecase='classification',
                                      target='Potencial Ventas')),
                ('imputer',
                 Simple_Imputer(categorical_strategy='not_available',
                                fill_value_categorical=None,
                                fill_value_numerical=None,
                                numeric_strategy='mean',
                                target_variable=None)),
                ('new_levels1',
                 New_Catagorical_Levels_in_TestData(replacement_strategy='least '
                                                                         'frequ...
                ('dummy', Dummify(target='Potencial Ventas')),
                ('fix_perfect', Remove_100(target='Potencial Ventas')),
                ('clean_names', Clean_Colum_Names()),
                ('feature_select', 'passthrough'), ('fix_multi', 'passthrough'),
                ('dfs', 'passthrough'), ('pca', 'passthrough'),
                ['trained_model',
                 CalibratedClassifierCV(base_estimator=LGBMClassifier(random_state=1),
                                        cv=StratifiedKFold(n_splits=10, random_state=None, shuffle=False))]]), probability_threshold=None, encoded_labels=True, raw_score=False, round=4, verbose=True, ml_usecase=MLUsecase.REGRESSION, display=None)
2021-12-08 10:31:34,016:INFO:Checking exceptions
2021-12-08 10:31:34,017:INFO:Preloading libraries
2021-12-08 10:31:41,440:INFO:Initializing load_model()
2021-12-08 10:31:41,440:INFO:load_model(model_name=calibrated_lightgbm, platform=None, authentication=None, verbose=True)
2021-12-08 10:31:42,125:INFO:Initializing predict_model()
2021-12-08 10:31:42,125:INFO:predict_model(estimator=Pipeline(steps=[('dtypes',
                 DataTypes_Auto_infer(ml_usecase='classification',
                                      target='Potencial Ventas')),
                ('imputer',
                 Simple_Imputer(categorical_strategy='not_available',
                                fill_value_categorical=None,
                                fill_value_numerical=None,
                                numeric_strategy='mean',
                                target_variable=None)),
                ('new_levels1',
                 New_Catagorical_Levels_in_TestData(replacement_strategy='least '
                                                                         'frequ...
                ('dummy', Dummify(target='Potencial Ventas')),
                ('fix_perfect', Remove_100(target='Potencial Ventas')),
                ('clean_names', Clean_Colum_Names()),
                ('feature_select', 'passthrough'), ('fix_multi', 'passthrough'),
                ('dfs', 'passthrough'), ('pca', 'passthrough'),
                ['trained_model',
                 CalibratedClassifierCV(base_estimator=LGBMClassifier(random_state=1),
                                        cv=StratifiedKFold(n_splits=10, random_state=None, shuffle=False))]]), probability_threshold=None, encoded_labels=True, raw_score=False, round=4, verbose=True, ml_usecase=MLUsecase.REGRESSION, display=None)
2021-12-08 10:31:42,129:INFO:Checking exceptions
2021-12-08 10:31:42,129:INFO:Preloading libraries
2021-12-08 10:31:54,385:INFO:Initializing load_model()
2021-12-08 10:31:54,386:INFO:load_model(model_name=calibrated_lightgbm, platform=None, authentication=None, verbose=True)
2021-12-08 10:31:55,050:INFO:Initializing predict_model()
2021-12-08 10:31:55,052:INFO:predict_model(estimator=Pipeline(steps=[('dtypes',
                 DataTypes_Auto_infer(ml_usecase='classification',
                                      target='Potencial Ventas')),
                ('imputer',
                 Simple_Imputer(categorical_strategy='not_available',
                                fill_value_categorical=None,
                                fill_value_numerical=None,
                                numeric_strategy='mean',
                                target_variable=None)),
                ('new_levels1',
                 New_Catagorical_Levels_in_TestData(replacement_strategy='least '
                                                                         'frequ...
                ('dummy', Dummify(target='Potencial Ventas')),
                ('fix_perfect', Remove_100(target='Potencial Ventas')),
                ('clean_names', Clean_Colum_Names()),
                ('feature_select', 'passthrough'), ('fix_multi', 'passthrough'),
                ('dfs', 'passthrough'), ('pca', 'passthrough'),
                ['trained_model',
                 CalibratedClassifierCV(base_estimator=LGBMClassifier(random_state=1),
                                        cv=StratifiedKFold(n_splits=10, random_state=None, shuffle=False))]]), probability_threshold=None, encoded_labels=True, raw_score=False, round=4, verbose=True, ml_usecase=MLUsecase.REGRESSION, display=None)
2021-12-08 10:31:55,053:INFO:Checking exceptions
2021-12-08 10:31:55,053:INFO:Preloading libraries
2021-12-08 10:35:14,003:INFO:Initializing load_model()
2021-12-08 10:35:14,007:INFO:load_model(model_name=calibrated_lightgbm, platform=None, authentication=None, verbose=True)
2021-12-08 10:35:14,323:INFO:Initializing predict_model()
2021-12-08 10:35:14,323:INFO:predict_model(estimator=Pipeline(steps=[('dtypes',
                 DataTypes_Auto_infer(ml_usecase='classification',
                                      target='Potencial Ventas')),
                ('imputer',
                 Simple_Imputer(categorical_strategy='not_available',
                                fill_value_categorical=None,
                                fill_value_numerical=None,
                                numeric_strategy='mean',
                                target_variable=None)),
                ('new_levels1',
                 New_Catagorical_Levels_in_TestData(replacement_strategy='least '
                                                                         'frequ...
                ('dummy', Dummify(target='Potencial Ventas')),
                ('fix_perfect', Remove_100(target='Potencial Ventas')),
                ('clean_names', Clean_Colum_Names()),
                ('feature_select', 'passthrough'), ('fix_multi', 'passthrough'),
                ('dfs', 'passthrough'), ('pca', 'passthrough'),
                ['trained_model',
                 CalibratedClassifierCV(base_estimator=LGBMClassifier(random_state=1),
                                        cv=StratifiedKFold(n_splits=10, random_state=None, shuffle=False))]]), probability_threshold=None, encoded_labels=True, raw_score=False, round=4, verbose=True, ml_usecase=MLUsecase.REGRESSION, display=None)
2021-12-08 10:35:14,323:INFO:Checking exceptions
2021-12-08 10:35:14,327:INFO:Preloading libraries
2021-12-08 10:35:47,068:INFO:Initializing load_model()
2021-12-08 10:35:47,068:INFO:load_model(model_name=calibrated_lightgbm, platform=None, authentication=None, verbose=True)
2021-12-08 10:35:47,369:INFO:Initializing predict_model()
2021-12-08 10:35:47,373:INFO:predict_model(estimator=Pipeline(steps=[('dtypes',
                 DataTypes_Auto_infer(ml_usecase='classification',
                                      target='Potencial Ventas')),
                ('imputer',
                 Simple_Imputer(categorical_strategy='not_available',
                                fill_value_categorical=None,
                                fill_value_numerical=None,
                                numeric_strategy='mean',
                                target_variable=None)),
                ('new_levels1',
                 New_Catagorical_Levels_in_TestData(replacement_strategy='least '
                                                                         'frequ...
                ('dummy', Dummify(target='Potencial Ventas')),
                ('fix_perfect', Remove_100(target='Potencial Ventas')),
                ('clean_names', Clean_Colum_Names()),
                ('feature_select', 'passthrough'), ('fix_multi', 'passthrough'),
                ('dfs', 'passthrough'), ('pca', 'passthrough'),
                ['trained_model',
                 CalibratedClassifierCV(base_estimator=LGBMClassifier(random_state=1),
                                        cv=StratifiedKFold(n_splits=10, random_state=None, shuffle=False))]]), probability_threshold=None, encoded_labels=True, raw_score=False, round=4, verbose=True, ml_usecase=MLUsecase.REGRESSION, display=None)
2021-12-08 10:35:47,373:INFO:Checking exceptions
2021-12-08 10:35:47,373:INFO:Preloading libraries
2021-12-08 10:35:57,536:INFO:Initializing load_model()
2021-12-08 10:35:57,536:INFO:load_model(model_name=calibrated_lightgbm, platform=None, authentication=None, verbose=True)
2021-12-08 10:35:57,858:INFO:Initializing predict_model()
2021-12-08 10:35:57,858:INFO:predict_model(estimator=Pipeline(steps=[('dtypes',
                 DataTypes_Auto_infer(ml_usecase='classification',
                                      target='Potencial Ventas')),
                ('imputer',
                 Simple_Imputer(categorical_strategy='not_available',
                                fill_value_categorical=None,
                                fill_value_numerical=None,
                                numeric_strategy='mean',
                                target_variable=None)),
                ('new_levels1',
                 New_Catagorical_Levels_in_TestData(replacement_strategy='least '
                                                                         'frequ...
                ('dummy', Dummify(target='Potencial Ventas')),
                ('fix_perfect', Remove_100(target='Potencial Ventas')),
                ('clean_names', Clean_Colum_Names()),
                ('feature_select', 'passthrough'), ('fix_multi', 'passthrough'),
                ('dfs', 'passthrough'), ('pca', 'passthrough'),
                ['trained_model',
                 CalibratedClassifierCV(base_estimator=LGBMClassifier(random_state=1),
                                        cv=StratifiedKFold(n_splits=10, random_state=None, shuffle=False))]]), probability_threshold=None, encoded_labels=True, raw_score=False, round=4, verbose=True, ml_usecase=MLUsecase.REGRESSION, display=None)
2021-12-08 10:35:57,858:INFO:Checking exceptions
2021-12-08 10:35:57,862:INFO:Preloading libraries
2021-12-08 10:41:55,947:INFO:Initializing load_model()
2021-12-08 10:41:55,947:INFO:load_model(model_name=calibrated_lightgbm, platform=None, authentication=None, verbose=True)
2021-12-08 10:41:56,258:INFO:Initializing predict_model()
2021-12-08 10:41:56,258:INFO:predict_model(estimator=Pipeline(steps=[('dtypes',
                 DataTypes_Auto_infer(ml_usecase='classification',
                                      target='Potencial Ventas')),
                ('imputer',
                 Simple_Imputer(categorical_strategy='not_available',
                                fill_value_categorical=None,
                                fill_value_numerical=None,
                                numeric_strategy='mean',
                                target_variable=None)),
                ('new_levels1',
                 New_Catagorical_Levels_in_TestData(replacement_strategy='least '
                                                                         'frequ...
                ('dummy', Dummify(target='Potencial Ventas')),
                ('fix_perfect', Remove_100(target='Potencial Ventas')),
                ('clean_names', Clean_Colum_Names()),
                ('feature_select', 'passthrough'), ('fix_multi', 'passthrough'),
                ('dfs', 'passthrough'), ('pca', 'passthrough'),
                ['trained_model',
                 CalibratedClassifierCV(base_estimator=LGBMClassifier(random_state=1),
                                        cv=StratifiedKFold(n_splits=10, random_state=None, shuffle=False))]]), probability_threshold=None, encoded_labels=True, raw_score=False, round=4, verbose=True, ml_usecase=MLUsecase.REGRESSION, display=None)
2021-12-08 10:41:56,262:INFO:Checking exceptions
2021-12-08 10:41:56,262:INFO:Preloading libraries
2021-12-08 11:20:25,669:INFO:Initializing load_model()
2021-12-08 11:20:25,669:INFO:load_model(model_name=calibrated_lightgbm, platform=None, authentication=None, verbose=True)
